<?xml version="1.0" encoding="UTF-8"?>
<!-- Generated by org.testng.reporters.JUnitReportReporter -->
<testsuite hostname="DESKTOP-QHDN499" failures="0" tests="2" name="com.ninza.hrm.api.employeetest.EmployeeTest" time="4.695" errors="0" timestamp="2024-11-22T11:46:17 IST" skipped="0">
  <testcase classname="com.ninza.hrm.api.employeetest.EmployeeTest" name="addEmployeeWithoutEmailTest" time="0.525"/>
  <testcase classname="com.ninza.hrm.api.employeetest.EmployeeTest" name="addEmployeeTest" time="4.170"/>
</testsuite> <!-- com.ninza.hrm.api.employeetest.EmployeeTest -->
