<?xml version="1.0" encoding="UTF-8"?>
<!-- Generated by org.testng.reporters.JUnitReportReporter -->
<testsuite hostname="DESKTOP-QHDN499" failures="0" tests="2" name="com.ninza.hrm.api.projecttest.ProjectTest" time="4.606" errors="0" timestamp="2024-11-22T11:44:34 IST" skipped="0">
  <testcase classname="com.ninza.hrm.api.projecttest.ProjectTest" name="addDuplicateProject" time="0.186"/>
  <testcase classname="com.ninza.hrm.api.projecttest.ProjectTest" name="addSingleProjectWithCreatedTest" time="4.420"/>
</testsuite> <!-- com.ninza.hrm.api.projecttest.ProjectTest -->
